<?xml version="1.0" encoding="UTF-8"?>
<!-- Generated by org.testng.reporters.JUnitReportReporter -->
<testsuite skipped="0" hostname="DESKTOP-T6VNPJJ" name="testRunners.Runner1" tests="1" failures="0" timestamp="2023-07-20T12:39:52 IST" time="14.098" errors="0">
  <testcase name="scenario" time="14.098" classname="testRunners.Runner1"/>
  <system-out/>
</testsuite> <!-- testRunners.Runner1 -->
